OWNER=0xf39Fd6e51aad88F6F4ce6aB8827279cffFb92266
Nothing to compile
Compiling 1 files with Solc 0.8.33
Solc 0.8.33 finished in 42.95ms
Compiler run successful!
Error: Error accessing local wallet. Did you pass a keystore, hardware wallet, private key or mnemonic?

Run the command with --help flag for more information or use the corresponding CLI
flag to set your key via:

--keystore
--interactive
--private-key
--mnemonic-path
--aws
--gcp
--turnkey
--trezor
--ledger
--browser

Alternatively, when using the `cast send` or `cast mktx` commands with a local node
or RPC that has unlocked accounts, the --unlocked or --ethsign flags can be used,
respectively. The sender address can be specified by setting the `ETH_FROM` environment
variable to the desired unlocked account address, or by providing the address directly
using the --from flag.
